{"contracts/Marketplace.sol":{"l":{"46":1,"47":1,"51":2,"52":2,"56":2,"57":2,"61":10,"62":10,"67":5,"73":5,"75":5,"76":5,"78":5,"85":5,"93":4,"95":4,"96":4,"97":4,"99":4,"100":4,"102":4,"110":2,"111":2,"113":2,"115":2,"123":1,"124":1,"126":1,"128":1,"129":1,"131":1,"138":1,"140":1,"141":1,"143":1,"145":1,"146":1,"148":1,"156":1,"157":1,"159":1,"161":1,"169":1,"170":1,"172":1,"174":1,"176":1,"177":1,"179":1},"path":"/Users/umoraghad/SmartContract/contracts/Marketplace.sol","s":{"1":1,"2":2,"3":2,"4":10,"5":5,"6":5,"7":4,"8":4,"9":4,"10":4,"11":4,"12":2,"13":2,"14":2,"15":1,"16":1,"17":1,"18":1,"19":1,"20":1,"21":1,"22":1,"23":1,"24":1,"25":1,"26":1,"27":1,"28":1,"29":1,"30":1,"31":1,"32":1,"33":1,"34":1},"b":{"1":[0,1],"2":[0,2],"3":[0,2],"4":[10,0],"5":[5,0],"6":[4,0],"7":[0,4],"8":[4,0],"9":[4,0],"10":[2,0],"11":[2,0],"12":[0,2],"13":[1,0],"14":[1,0],"15":[0,1],"16":[1,0],"17":[1,0],"18":[0,1],"19":[0,1],"20":[1,0],"21":[1,0],"22":[1,0],"23":[0,1],"24":[1,0],"25":[1,0],"26":[0,1],"27":[1,0],"28":[1,0]},"f":{"1":1,"2":2,"3":2,"4":10,"5":5,"6":5,"7":4,"8":2,"9":1,"10":1,"11":1,"12":1},"fnMap":{"1":{"name":"onlyAdmin","line":45,"loc":{"start":{"line":45,"column":4},"end":{"line":48,"column":4}}},"2":{"name":"onlySeller","line":50,"loc":{"start":{"line":50,"column":4},"end":{"line":53,"column":4}}},"3":{"name":"onlyBuyer","line":55,"loc":{"start":{"line":55,"column":4},"end":{"line":58,"column":4}}},"4":{"name":"tradeExists","line":60,"loc":{"start":{"line":60,"column":4},"end":{"line":63,"column":4}}},"5":{"name":"constructor","line":66,"loc":{"start":{"line":66,"column":4},"end":{"line":68,"column":4}}},"6":{"name":"createTrade","line":72,"loc":{"start":{"line":72,"column":4},"end":{"line":86,"column":4}}},"7":{"name":"fundTrade","line":91,"loc":{"start":{"line":88,"column":4},"end":{"line":103,"column":4}}},"8":{"name":"markShipped","line":108,"loc":{"start":{"line":105,"column":4},"end":{"line":116,"column":4}}},"9":{"name":"confirmReceived","line":121,"loc":{"start":{"line":118,"column":4},"end":{"line":132,"column":4}}},"10":{"name":"cancelBeforeShipped","line":136,"loc":{"start":{"line":134,"column":4},"end":{"line":149,"column":4}}},"11":{"name":"openDispute","line":154,"loc":{"start":{"line":151,"column":4},"end":{"line":162,"column":4}}},"12":{"name":"resolveDispute","line":167,"loc":{"start":{"line":164,"column":4},"end":{"line":180,"column":4}}}},"statementMap":{"1":{"start":{"line":46,"column":8},"end":{"line":46,"column":51}},"2":{"start":{"line":51,"column":8},"end":{"line":51,"column":68}},"3":{"start":{"line":56,"column":8},"end":{"line":56,"column":66}},"4":{"start":{"line":61,"column":8},"end":{"line":61,"column":76}},"5":{"start":{"line":73,"column":8},"end":{"line":73,"column":46}},"6":{"start":{"line":85,"column":8},"end":{"line":85,"column":53}},"7":{"start":{"line":93,"column":8},"end":{"line":93,"column":41}},"8":{"start":{"line":95,"column":8},"end":{"line":95,"column":66}},"9":{"start":{"line":96,"column":8},"end":{"line":96,"column":55}},"10":{"start":{"line":97,"column":8},"end":{"line":97,"column":55}},"11":{"start":{"line":102,"column":8},"end":{"line":102,"column":56}},"12":{"start":{"line":110,"column":8},"end":{"line":110,"column":41}},"13":{"start":{"line":111,"column":8},"end":{"line":111,"column":66}},"14":{"start":{"line":115,"column":8},"end":{"line":115,"column":34}},"15":{"start":{"line":123,"column":8},"end":{"line":123,"column":41}},"16":{"start":{"line":124,"column":8},"end":{"line":124,"column":67}},"17":{"start":{"line":128,"column":8},"end":{"line":128,"column":55}},"18":{"start":{"line":129,"column":8},"end":{"line":129,"column":37}},"19":{"start":{"line":131,"column":8},"end":{"line":131,"column":36}},"20":{"start":{"line":138,"column":8},"end":{"line":138,"column":41}},"21":{"start":{"line":140,"column":8},"end":{"line":140,"column":66}},"22":{"start":{"line":141,"column":8},"end":{"line":141,"column":52}},"23":{"start":{"line":145,"column":8},"end":{"line":145,"column":54}},"24":{"start":{"line":146,"column":8},"end":{"line":146,"column":35}},"25":{"start":{"line":148,"column":8},"end":{"line":148,"column":36}},"26":{"start":{"line":156,"column":8},"end":{"line":156,"column":41}},"27":{"start":{"line":157,"column":8},"end":{"line":157,"column":67}},"28":{"start":{"line":161,"column":8},"end":{"line":161,"column":35}},"29":{"start":{"line":169,"column":8},"end":{"line":169,"column":41}},"30":{"start":{"line":170,"column":8},"end":{"line":170,"column":68}},"31":{"start":{"line":174,"column":8},"end":{"line":174,"column":60}},"32":{"start":{"line":176,"column":8},"end":{"line":176,"column":56}},"33":{"start":{"line":177,"column":8},"end":{"line":177,"column":35}},"34":{"start":{"line":179,"column":8},"end":{"line":179,"column":48}}},"branchMap":{"1":{"line":46,"type":"if","locations":[{"start":{"line":46,"column":8},"end":{"line":46,"column":8}},{"start":{"line":46,"column":8},"end":{"line":46,"column":8}}]},"2":{"line":51,"type":"if","locations":[{"start":{"line":51,"column":8},"end":{"line":51,"column":8}},{"start":{"line":51,"column":8},"end":{"line":51,"column":8}}]},"3":{"line":56,"type":"if","locations":[{"start":{"line":56,"column":8},"end":{"line":56,"column":8}},{"start":{"line":56,"column":8},"end":{"line":56,"column":8}}]},"4":{"line":61,"type":"if","locations":[{"start":{"line":61,"column":8},"end":{"line":61,"column":8}},{"start":{"line":61,"column":8},"end":{"line":61,"column":8}}]},"5":{"line":73,"type":"if","locations":[{"start":{"line":73,"column":8},"end":{"line":73,"column":8}},{"start":{"line":73,"column":8},"end":{"line":73,"column":8}}]},"6":{"line":91,"type":"if","locations":[{"start":{"line":91,"column":8},"end":{"line":91,"column":8}},{"start":{"line":91,"column":8},"end":{"line":91,"column":8}}]},"7":{"line":95,"type":"if","locations":[{"start":{"line":95,"column":8},"end":{"line":95,"column":8}},{"start":{"line":95,"column":8},"end":{"line":95,"column":8}}]},"8":{"line":96,"type":"if","locations":[{"start":{"line":96,"column":8},"end":{"line":96,"column":8}},{"start":{"line":96,"column":8},"end":{"line":96,"column":8}}]},"9":{"line":97,"type":"if","locations":[{"start":{"line":97,"column":8},"end":{"line":97,"column":8}},{"start":{"line":97,"column":8},"end":{"line":97,"column":8}}]},"10":{"line":107,"type":"if","locations":[{"start":{"line":107,"column":8},"end":{"line":107,"column":8}},{"start":{"line":107,"column":8},"end":{"line":107,"column":8}}]},"11":{"line":108,"type":"if","locations":[{"start":{"line":108,"column":8},"end":{"line":108,"column":8}},{"start":{"line":108,"column":8},"end":{"line":108,"column":8}}]},"12":{"line":111,"type":"if","locations":[{"start":{"line":111,"column":8},"end":{"line":111,"column":8}},{"start":{"line":111,"column":8},"end":{"line":111,"column":8}}]},"13":{"line":120,"type":"if","locations":[{"start":{"line":120,"column":8},"end":{"line":120,"column":8}},{"start":{"line":120,"column":8},"end":{"line":120,"column":8}}]},"14":{"line":121,"type":"if","locations":[{"start":{"line":121,"column":8},"end":{"line":121,"column":8}},{"start":{"line":121,"column":8},"end":{"line":121,"column":8}}]},"15":{"line":124,"type":"if","locations":[{"start":{"line":124,"column":8},"end":{"line":124,"column":8}},{"start":{"line":124,"column":8},"end":{"line":124,"column":8}}]},"16":{"line":129,"type":"if","locations":[{"start":{"line":129,"column":8},"end":{"line":129,"column":8}},{"start":{"line":129,"column":8},"end":{"line":129,"column":8}}]},"17":{"line":136,"type":"if","locations":[{"start":{"line":136,"column":8},"end":{"line":136,"column":8}},{"start":{"line":136,"column":8},"end":{"line":136,"column":8}}]},"18":{"line":140,"type":"if","locations":[{"start":{"line":140,"column":8},"end":{"line":140,"column":8}},{"start":{"line":140,"column":8},"end":{"line":140,"column":8}}]},"19":{"line":141,"type":"if","locations":[{"start":{"line":141,"column":8},"end":{"line":141,"column":8}},{"start":{"line":141,"column":8},"end":{"line":141,"column":8}}]},"20":{"line":146,"type":"if","locations":[{"start":{"line":146,"column":8},"end":{"line":146,"column":8}},{"start":{"line":146,"column":8},"end":{"line":146,"column":8}}]},"21":{"line":153,"type":"if","locations":[{"start":{"line":153,"column":8},"end":{"line":153,"column":8}},{"start":{"line":153,"column":8},"end":{"line":153,"column":8}}]},"22":{"line":154,"type":"if","locations":[{"start":{"line":154,"column":8},"end":{"line":154,"column":8}},{"start":{"line":154,"column":8},"end":{"line":154,"column":8}}]},"23":{"line":157,"type":"if","locations":[{"start":{"line":157,"column":8},"end":{"line":157,"column":8}},{"start":{"line":157,"column":8},"end":{"line":157,"column":8}}]},"24":{"line":166,"type":"if","locations":[{"start":{"line":166,"column":8},"end":{"line":166,"column":8}},{"start":{"line":166,"column":8},"end":{"line":166,"column":8}}]},"25":{"line":167,"type":"if","locations":[{"start":{"line":167,"column":8},"end":{"line":167,"column":8}},{"start":{"line":167,"column":8},"end":{"line":167,"column":8}}]},"26":{"line":170,"type":"if","locations":[{"start":{"line":170,"column":8},"end":{"line":170,"column":8}},{"start":{"line":170,"column":8},"end":{"line":170,"column":8}}]},"27":{"line":174,"type":"if","locations":[{"start":{"line":174,"column":42},"end":{"line":174,"column":48}},{"start":{"line":174,"column":52},"end":{"line":174,"column":59}}]},"28":{"line":177,"type":"if","locations":[{"start":{"line":177,"column":8},"end":{"line":177,"column":8}},{"start":{"line":177,"column":8},"end":{"line":177,"column":8}}]}}}}